TN:
SF:src/01-iterador/rango.ts
FN:5,(anonymous_0)
FN:10,(anonymous_1)
FN:19,(anonymous_2)
FNF:3
FNH:3
FNDA:10,(anonymous_0)
FNDA:16,(anonymous_1)
FNDA:16,(anonymous_2)
DA:1,1
DA:5,10
DA:6,10
DA:7,10
DA:11,16
DA:15,16
DA:16,16
DA:20,16
LF:8
LH:8
BRDA:6,0,0,4
BRDA:6,0,1,6
BRF:2
BRH:2
end_of_record
TN:
SF:src/02-generador/rango.ts
FN:7,(anonymous_0)
FN:14,(anonymous_1)
FN:27,(anonymous_2)
FN:31,(anonymous_3)
FNF:4
FNH:4
FNDA:10,(anonymous_0)
FNDA:10,(anonymous_1)
FNDA:14,(anonymous_2)
FNDA:14,(anonymous_3)
DA:1,1
DA:8,10
DA:9,10
DA:10,10
DA:11,10
DA:15,10
DA:17,2
DA:19,8
DA:22,12
DA:28,14
DA:32,14
LF:11
LH:11
BRDA:8,0,0,4
BRDA:8,0,1,6
BRDA:15,1,0,2
BRDA:15,1,1,8
BRDA:28,2,0,7
BRDA:28,2,1,7
BRF:6
BRH:6
end_of_record
